nohup: ignoring input
Bắt đầu quá trình load dữ liệu có cấu trúc mới vào Milvus...
Kết nối thành công đến Milvus tại localhost:19530
Xóa collection cũ nếu có...
Đã xóa collection math_qa_collection
Tạo collection mới với schema mới...
Đã tạo collection math_qa_collection và index thành công
Đã load 332 bản ghi dữ liệu
Số lượng grade: 1
Số lượng chapter: 4
Số lượng title: 295
Số lượng lessons: 71
Số lượng image_question: 327
Số lượng image_answer: 277
Số lượng difficulty: 2
Số lượng page: 134
Đang tạo embeddings cho câu hỏi...
Tạo embedding cho: Dùng các từ: trên, dưới, trái, phải, trước, sau, ở...
Đã tạo embedding với shape: (768,)
Tạo embedding cho: Bạn nhỏ trong bức tranh muốn đi đến trường thì sẽ ...
Đã tạo embedding với shape: (768,)
Tạo embedding cho: Kể tên đồ vật trong hình vẽ có dạng hình vuông, hì...
Đã tạo embedding với shape: (768,)
Tạo embedding cho: Hình tam giác có màu gì? Hình vuông có màu gì? Gọi...
Đã tạo embedding với shape: (768,)
Tạo embedding cho: Ghép hình em yêu thích...
Đã tạo embedding với shape: (768,)
Tạo embedding cho: Kể tên các đồ vật trong thực tế có dạng hình vuông...
Đã tạo embedding với shape: (768,)
Tạo embedding cho: Số?...
Đã tạo embedding với shape: (768,)
Tạo embedding cho: Lấy số hình phù hợp (theo mẫu)...
Đã tạo embedding với shape: (768,)
Tạo embedding cho: Số?...
Đã tạo embedding với shape: (768,)
Tạo embedding cho: Số?...
Đã tạo embedding với shape: (768,)
Tạo embedding cho: Số?...
Đã tạo embedding với shape: (768,)
Tạo embedding cho: Lấy số hình phù hợp (theo mẫu)...
Đã tạo embedding với shape: (768,)
Tạo embedding cho: Số?...
Đã tạo embedding với shape: (768,)
Tạo embedding cho: Số?...
Đã tạo embedding với shape: (768,)
Tạo embedding cho: Số?...
Đã tạo embedding với shape: (768,)
Tạo embedding cho: Lấy số hình phù hợp (theo mẫu)...
Đã tạo embedding với shape: (768,)
Tạo embedding cho: Số?...
Đã tạo embedding với shape: (768,)
Tạo embedding cho: Số?...
Đã tạo embedding với shape: (768,)
Tạo embedding cho: a) Mỗi rổ có mấy con?...
Đã tạo embedding với shape: (768,)
Tạo embedding cho: b) Mỗi hộp có mấy chiếc bút?...
Đã tạo embedding với shape: (768,)
Tạo embedding cho: Số?...
Đã tạo embedding với shape: (768,)
Tạo embedding cho: Tìm số 0 trên mỗi đồ vật sau...
Đã tạo embedding với shape: (768,)
Tạo embedding cho: a) Số?...
Đã tạo embedding với shape: (768,)
Tạo embedding cho: b) Chọn số thích hợp:...
Đã tạo embedding với shape: (768,)
Tạo embedding cho: Lấy số hình phù hợp (theo mẫu)...
Đã tạo embedding với shape: (768,)
Tạo embedding cho: Số?...
Đã tạo embedding với shape: (768,)
Tạo embedding cho: Mỗi chậu có mấy bông hoa?...
Đã tạo embedding với shape: (768,)
Tạo embedding cho: Trò chơi 'Lấy đủ số hình'...
Đã tạo embedding với shape: (768,)
Tạo embedding cho: Số?...
Đã tạo embedding với shape: (768,)
Tạo embedding cho: Đếm số chân của mỗi con vật sau:...
Đã tạo embedding với shape: (768,)
Tạo embedding cho: Tìm hình phù hợp:...
Đã tạo embedding với shape: (768,)
Tạo embedding cho: Tìm hình phù hợp:...
Đã tạo embedding với shape: (768,)
Tạo embedding cho: Dùng các từ: nhiều hơn, ít hơn, bằng nhau để nói v...
Đã tạo embedding với shape: (768,)
Tạo embedding cho: Cây bên nào nhiều quả hơn?...
Đã tạo embedding với shape: (768,)
Tạo embedding cho: Xem tranh rồi kiểm tra câu nào đúng, câu nào sai:...
Đã tạo embedding với shape: (768,)
Tạo embedding cho: >, <, =?...
Đã tạo embedding với shape: (768,)
Tạo embedding cho: >, <, =?...
Đã tạo embedding với shape: (768,)
Tạo embedding cho: a) Tập viết dấu: >, <, =
b) >, <, =?...
Đã tạo embedding với shape: (768,)
Tạo embedding cho: Vật nào ghi số lớn hơn trong mỗi hình vẽ sau:...
Đã tạo embedding với shape: (768,)
Tạo embedding cho: >, <, =?...
Đã tạo embedding với shape: (768,)
Tạo embedding cho: >, <, =?...
Đã tạo embedding với shape: (768,)
Tạo embedding cho: Xếp các số sau:
a) Theo thứ tự từ bé đến lớn....
Đã tạo embedding với shape: (768,)
Tạo embedding cho: Xếp các số sau:
b) Theo thứ tự từ lớn đến bé....
Đã tạo embedding với shape: (768,)
Tạo embedding cho: Bạn nào có ít viên bi nhất?...
Đã tạo embedding với shape: (768,)
Tạo embedding cho: Xem tranh rồi đếm số đồ vật mỗi loại:...
Đã tạo embedding với shape: (768,)
Tạo embedding cho: a) Đếm và gọi tên 9 đồ vật.
b) Lấy từ bộ đồ dùng h...
Đã tạo embedding với shape: (768,)
Tạo embedding cho: Số?...
Đã tạo embedding với shape: (768,)
Tạo embedding cho: a) Tìm các thẻ ghi số bé hơn 5.
b) Tìm các thẻ ghi...
Đã tạo embedding với shape: (768,)
Tạo embedding cho: Hình sau có bao nhiêu hình vuông? Hình tròn? Hình ...
Đã tạo embedding với shape: (768,)
Tạo embedding cho: Mỗi bông hoa có bao nhiêu cánh?...
Đã tạo embedding với shape: (768,)
Tạo embedding cho: Số?...
Đã tạo embedding với shape: (768,)
Tạo embedding cho: Chọn phép tính thích hợp với mỗi tranh vẽ:...
Đã tạo embedding với shape: (768,)
Tạo embedding cho: Xem tranh rồi tập kể chuyện theo phép tính đã cho:...
Đã tạo embedding với shape: (768,)
Tạo embedding cho: Số?...
Đã tạo embedding với shape: (768,)
Tạo embedding cho: Chọn phép tính thích hợp với mỗi tranh vẽ:...
Đã tạo embedding với shape: (768,)
Tạo embedding cho: Xem tranh rồi tập kể chuyện theo phép tính đã cho:...
Đã tạo embedding với shape: (768,)
Tạo embedding cho: Số?...
Đã tạo embedding với shape: (768,)
Tạo embedding cho: Tính:...
Đã tạo embedding với shape: (768,)
Tạo embedding cho: Xem tranh rồi nêu phép cộng thích hợp:...
Đã tạo embedding với shape: (768,)
Tạo embedding cho: Xem tranh rồi nêu phép cộng thích hợp:...
Đã tạo embedding với shape: (768,)
Tạo embedding cho: Xem tranh rồi nêu phép cộng thích hợp:...
Đã tạo embedding với shape: (768,)
Tạo embedding cho: Tính nhẩm:...
Đã tạo embedding với shape: (768,)
Tạo embedding cho: Nêu các phép tính còn thiếu:...
Đã tạo embedding với shape: (768,)
Tạo embedding cho: Tính theo mẫu:...
Đã tạo embedding với shape: (768,)
Tạo embedding cho: Nêu phép tính thích hợp với mỗi tranh vẽ:...
Đã tạo embedding với shape: (768,)
Tạo embedding cho: Nêu phép tính thích hợp với mỗi tranh vẽ:...
Đã tạo embedding với shape: (768,)
Tạo embedding cho: Tìm kết quả của mỗi phép tính:...
Đã tạo embedding với shape: (768,)
Tạo embedding cho: Tính nhẩm:...
Đã tạo embedding với shape: (768,)
Tạo embedding cho: Số?...
Đã tạo embedding với shape: (768,)
Tạo embedding cho: Nêu phép tính thích hợp với mỗi tranh vẽ:...
Đã tạo embedding với shape: (768,)
Tạo embedding cho: Nêu phép tính thích hợp với mỗi tranh vẽ:...
Đã tạo embedding với shape: (768,)
Tạo embedding cho: Nêu phép tính thích hợp với mỗi tranh vẽ:...
Đã tạo embedding với shape: (768,)
Tạo embedding cho: Số?...
Đã tạo embedding với shape: (768,)
Tạo embedding cho: Tính nhẩm:...
Đã tạo embedding với shape: (768,)
Tạo embedding cho: Nêu phép tính thích hợp với mỗi tranh vẽ:...
Đã tạo embedding với shape: (768,)
Tạo embedding cho: Nêu phép tính thích hợp với mỗi tranh vẽ:...
Đã tạo embedding với shape: (768,)
Tạo embedding cho: Số?...
Đã tạo embedding với shape: (768,)
Tạo embedding cho: Chọn kết quả đúng với mỗi phép tính:...
Đã tạo embedding với shape: (768,)
Tạo embedding cho: Tính:...
Đã tạo embedding với shape: (768,)
Tạo embedding cho: Nêu phép tính thích hợp với mỗi tranh vẽ:...
Đã tạo embedding với shape: (768,)
Tạo embedding cho: Nêu phép tính thích hợp với mỗi tranh vẽ:...
Đã tạo embedding với shape: (768,)
Tạo embedding cho: Tính nhẩm:...
Đã tạo embedding với shape: (768,)
Tạo embedding cho: Chọn kết quả đúng với mỗi phép tính:...
Đã tạo embedding với shape: (768,)
Tạo embedding cho: Nêu các phép tính thích hợp với mỗi tranh vẽ:...
Đã tạo embedding với shape: (768,)
Tạo embedding cho: Nêu các phép tính thích hợp với mỗi tranh vẽ:...
Đã tạo embedding với shape: (768,)
Tạo embedding cho: Tìm kết quả của mỗi phép tính:...
Đã tạo embedding với shape: (768,)
Tạo embedding cho: Tính nhẩm:...
Đã tạo embedding với shape: (768,)
Tạo embedding cho: Số?...
Đã tạo embedding với shape: (768,)
Tạo embedding cho: a, Nêu các phép cộng có kết quả là 10 từ những thẻ...
Đã tạo embedding với shape: (768,)
Tạo embedding cho: b, Nêu phép tính thích hợp với tranh vẽ:...
Đã tạo embedding với shape: (768,)
Tạo embedding cho: Xem các hình sau rồi kể tên đồ vật có dạng: Khối h...
Đã tạo embedding với shape: (768,)
Tạo embedding cho: Xem các hình sau rồi kể tên đồ vật có dạng: Khối h...
Đã tạo embedding với shape: (768,)
Tạo embedding cho: Kể tên các đồ vật trong thực tế:...
Đã tạo embedding với shape: (768,)
Tạo embedding cho: Số?...
Đã tạo embedding với shape: (768,)
Tạo embedding cho: Chọn phép tính tích hợp với mỗi tranh vẽ:...
Đã tạo embedding với shape: (768,)
Tạo embedding cho: Chọn phép tính tích hợp với mỗi tranh vẽ:...
Đã tạo embedding với shape: (768,)
Tạo embedding cho: Số?...
Đã tạo embedding với shape: (768,)
Tạo embedding cho: Tính:...
Đã tạo embedding với shape: (768,)
Tạo embedding cho: a, Số?
b, Xem tranh rồi tập kể chuyện theo mỗi phé...
Đã tạo embedding với shape: (768,)
Tạo embedding cho: Số?...
Đã tạo embedding với shape: (768,)
Tạo embedding cho: Tính:...
Đã tạo embedding với shape: (768,)
Tạo embedding cho: Chọn kết quả đúng với mỗi phép tính:...
Đã tạo embedding với shape: (768,)
Tạo embedding cho: Nêu các phép tính thích hợp với mỗi tranh vẽ:...
Đã tạo embedding với shape: (768,)
Tạo embedding cho: Nêu các phép tính thích hợp với mỗi tranh vẽ:...
Đã tạo embedding với shape: (768,)
Tạo embedding cho: Tính nhẩm:...
Đã tạo embedding với shape: (768,)
Tạo embedding cho: Tìm các phép tính có kết quả là 2: ...
Đã tạo embedding với shape: (768,)
Tạo embedding cho: Nêu các phép tính còn thiếu:...
Đã tạo embedding với shape: (768,)
Tạo embedding cho: Tính nhẩm:...
Đã tạo embedding với shape: (768,)
Tạo embedding cho: a, Số?
b, Xem tranh rồi tập kể chuyện theo mỗi phé...
Đã tạo embedding với shape: (768,)
Tạo embedding cho: Tìm kết quả của mỗi phép tính:...
Đã tạo embedding với shape: (768,)
Tạo embedding cho: Tính nhẩm:...
Đã tạo embedding với shape: (768,)
Tạo embedding cho: Số?...
Đã tạo embedding với shape: (768,)
Tạo embedding cho: Số?...
Đã tạo embedding với shape: (768,)
Tạo embedding cho: Xem tranh rồi nêu các phép trừ thích hợp:...
Đã tạo embedding với shape: (768,)
Tạo embedding cho: Số?...
Đã tạo embedding với shape: (768,)
Tạo embedding cho: Tính:...
Đã tạo embedding với shape: (768,)
Tạo embedding cho: Nêu phép trừ thích hợp với tranh vẽ:...
Đã tạo embedding với shape: (768,)
Tạo embedding cho: Số?...
Đã tạo embedding với shape: (768,)
Tạo embedding cho: Tính:...
Đã tạo embedding với shape: (768,)
Tạo embedding cho: Chỉ ra các phép tính có kết quả sai và sửa lại cho...
Đã tạo embedding với shape: (768,)
Tạo embedding cho: Nêu phép tính thích hợp với mỗi tranh vẽ: (Hình bà...
Đã tạo embedding với shape: (768,)
Tạo embedding cho: Nêu phép tính thích hợp với mỗi tranh vẽ: (Hình bà...
Đã tạo embedding với shape: (768,)
Tạo embedding cho: Nêu phép tính thích hợp với mỗi tranh vẽ: (Hình bà...
Đã tạo embedding với shape: (768,)
Tạo embedding cho: Tính nhẩm:...
Đã tạo embedding với shape: (768,)
Tạo embedding cho: Chọn kết quả đúng với mỗi phép tính:...
Đã tạo embedding với shape: (768,)
Tạo embedding cho: Nêu phép trừ thích hợp với mỗi tranh vẽ:...
Đã tạo embedding với shape: (768,)
Tạo embedding cho: Tìm kết quả của mỗi phép tính:...
Đã tạo embedding với shape: (768,)
Tạo embedding cho: Tính:...
Đã tạo embedding với shape: (768,)
Tạo embedding cho: Nêu các phép tính thích hợp (theo mẫu):...
Đã tạo embedding với shape: (768,)
Tạo embedding cho: Số?...
Đã tạo embedding với shape: (768,)
Tạo embedding cho: Số?...
Đã tạo embedding với shape: (768,)
Tạo embedding cho: Số?...
Đã tạo embedding với shape: (768,)
Tạo embedding cho: Số?...
Đã tạo embedding với shape: (768,)
Tạo embedding cho: Tìm số cúc áo còn thiếu:...
Đã tạo embedding với shape: (768,)
Tạo embedding cho: Số?...
Đã tạo embedding với shape: (768,)
Tạo embedding cho: Số?...
Đã tạo embedding với shape: (768,)
Tạo embedding cho: Số?...
Đã tạo embedding với shape: (768,)
Tạo embedding cho: a, Số?...
Đã tạo embedding với shape: (768,)
Tạo embedding cho: b, Tính:...
Đã tạo embedding với shape: (768,)
Tạo embedding cho: a, Số? ...
Đã tạo embedding với shape: (768,)
Tạo embedding cho: b, Tính: ...
Đã tạo embedding với shape: (768,)
Tạo embedding cho: Tính:...
Đã tạo embedding với shape: (768,)
Tạo embedding cho: Số?...
Đã tạo embedding với shape: (768,)
Tạo embedding cho: Số?...
Đã tạo embedding với shape: (768,)
Tạo embedding cho: Tính nhẩm:...
Đã tạo embedding với shape: (768,)
Tạo embedding cho: Nêu các phép cộng có kết quả là 8 từ những thẻ số ...
Đã tạo embedding với shape: (768,)
Tạo embedding cho: Số?...
Đã tạo embedding với shape: (768,)
Tạo embedding cho: > < =?...
Đã tạo embedding với shape: (768,)
Tạo embedding cho: Tính:...
Đã tạo embedding với shape: (768,)
Tạo embedding cho: Số?...
Đã tạo embedding với shape: (768,)
Tạo embedding cho: Số?...
Đã tạo embedding với shape: (768,)
Tạo embedding cho: Tính nhẩm:...
Đã tạo embedding với shape: (768,)
Tạo embedding cho: Chọn phép tính thích hợp với mỗi tranh vẽ:...
Đã tạo embedding với shape: (768,)
Tạo embedding cho: Xem các hình sau rồi chỉ ra đồ vật có dạng: khối h...
Đã tạo embedding với shape: (768,)
Tạo embedding cho: Số? ...
Đã tạo embedding với shape: (768,)
Tạo embedding cho: Số?...
Đã tạo embedding với shape: (768,)
Tạo embedding cho: Số?...
Đã tạo embedding với shape: (768,)
Tạo embedding cho: a, Nghe hát và vận động theo nhịp:...
Đã tạo embedding với shape: (768,)
Tạo embedding cho: b, Giơ ngón tay biểu diễn phép tính:...
Đã tạo embedding với shape: (768,)
Tạo embedding cho: Nắm tay nhau tạo thành các hình em đã học:...
Đã tạo embedding với shape: (768,)
Tạo embedding cho: Vẽ tranh rồi viết phép cộng, phép trừ thích hợp:...
Đã tạo embedding với shape: (768,)
Tạo embedding cho: Số?...
Đã tạo embedding với shape: (768,)
Tạo embedding cho: a, > < =?...
Đã tạo embedding với shape: (768,)
Tạo embedding cho: b, Xếp các số sau theo thứ tự từ bé đến lớn:...
Đã tạo embedding với shape: (768,)
Tạo embedding cho: Tính nhẩm:...
Đã tạo embedding với shape: (768,)
Tạo embedding cho: a, Hình sau có bao nhiêu hình vuông? Hình tròn? Hì...
Đã tạo embedding với shape: (768,)
Tạo embedding cho: b, Mỗi hình sau có bao nhiêu khối hộp chữ nhật? Kh...
Đã tạo embedding với shape: (768,)
Tạo embedding cho: Nêu phép tính thích hợp với mỗi tranh vẽ:...
Đã tạo embedding với shape: (768,)
Tạo embedding cho: Số?...
Đã tạo embedding với shape: (768,)
Tạo embedding cho: Số?...
Đã tạo embedding với shape: (768,)
Tạo embedding cho: Số?...
Đã tạo embedding với shape: (768,)
Tạo embedding cho: Số?...
Đã tạo embedding với shape: (768,)
Tạo embedding cho: Xem tranh rồi đếm số bánh mỗi loại:...
Đã tạo embedding với shape: (768,)
Tạo embedding cho: Số? ...
Đã tạo embedding với shape: (768,)
Tạo embedding cho: Số? ...
Đã tạo embedding với shape: (768,)
Tạo embedding cho: Số? ...
Đã tạo embedding với shape: (768,)
Tạo embedding cho: Số?...
Đã tạo embedding với shape: (768,)
Tạo embedding cho: Xem tranh rồi trả lời câu hỏi:
a, Có tất cả bao nh...
Đã tạo embedding với shape: (768,)
Tạo embedding cho: Số?...
Đã tạo embedding với shape: (768,)
Tạo embedding cho: Đếm rồi điền các số còn thiếu:...
Đã tạo embedding với shape: (768,)
Tạo embedding cho: a, Đếm số hình ghép thanh bức tranh sau: 
b, Bức t...
Đã tạo embedding với shape: (768,)
Tạo embedding cho: Số?...
Đã tạo embedding với shape: (768,)
Tạo embedding cho: Xem tranh rồi đếm số cây mỗi loại:...
Đã tạo embedding với shape: (768,)
Tạo embedding cho: a, Có tất cả bao nhiêu hạt?
b, Có tất cả bao nhiêu...
Đã tạo embedding với shape: (768,)
Tạo embedding cho: Số?...
Đã tạo embedding với shape: (768,)
Tạo embedding cho: Trò chơi: Lấy đồ vật cho đủ số ghi trên thẻ...
Đã tạo embedding với shape: (768,)
Tạo embedding cho: Số?...
Đã tạo embedding với shape: (768,)
Tạo embedding cho: Viết các số:
a, Hai mươi, hai mươi mốt, hai mươi h...
Đã tạo embedding với shape: (768,)
Tạo embedding cho: Tìm các số còn thiếu rồi đọc các số đó:...
Đã tạo embedding với shape: (768,)
Tạo embedding cho: Có tất cả bao nhiêu cầu thủ?...
Đã tạo embedding với shape: (768,)
Tạo embedding cho: Viết các số:
a, Bốn mươi, bốn mươi mốt, bốn mươi h...
Đã tạo embedding với shape: (768,)
Tạo embedding cho: Tìm các số còn thiếu rồi đọc các số đó:...
Đã tạo embedding với shape: (768,)
Tạo embedding cho: a, Có bao nhiêu quả dâu tây?
b, Có bao nhiêu viên ...
Đã tạo embedding với shape: (768,)
Tạo embedding cho: Viết các số:
a, Bảy mươi, bảy mươi mốt, bảy mươi h...
Đã tạo embedding với shape: (768,)
Tạo embedding cho: Tìm các số còn thiếu rồi đọc các số đó:...
Đã tạo embedding với shape: (768,)
Tạo embedding cho: a, Có bao nhiêu quả chanh? 
b, Có bao nhiêu chiếc ...
Đã tạo embedding với shape: (768,)
Tạo embedding cho: Tìm các số còn thiếu để có bảng các số từ 1 đến 10...
Đã tạo embedding với shape: (768,)
Tạo embedding cho: Số?...
Đã tạo embedding với shape: (768,)
Tạo embedding cho: a, Có tất cả bao nhiêu chiếc chìa dễa? 
b, Có tất ...
Đã tạo embedding với shape: (768,)
Tạo embedding cho: a, Có mấy chục que tính?
b, Có mấy chục cái bát?...
Đã tạo embedding với shape: (768,)
Tạo embedding cho: Số?...
Đã tạo embedding với shape: (768,)
Tạo embedding cho:  Trò chơi: Lấy cho đủ số đồ vật...
Đã tạo embedding với shape: (768,)
Tạo embedding cho: Nối (theo mẫu):...
Đã tạo embedding với shape: (768,)
Tạo embedding cho: Số?...
Đã tạo embedding với shape: (768,)
Tạo embedding cho: Trả lời câu hỏi:
a, Số 27 gồm mấy chục và mấy đơn ...
Đã tạo embedding với shape: (768,)
Tạo embedding cho: Trò chơi: Tìm số thích hợp...
Đã tạo embedding với shape: (768,)
Tạo embedding cho: Số?...
Đã tạo embedding với shape: (768,)
Tạo embedding cho: Xem tranh rồi đếm số quả mỗi loại:...
Đã tạo embedding với shape: (768,)
Tạo embedding cho: a) Số?...
Đã tạo embedding với shape: (768,)
Tạo embedding cho: b) >, <, =?...
Đã tạo embedding với shape: (768,)
Tạo embedding cho: a) Số?...
Đã tạo embedding với shape: (768,)
Tạo embedding cho: b) >, <, =?...
Đã tạo embedding với shape: (768,)
Tạo embedding cho: a) Số?...
Đã tạo embedding với shape: (768,)
Tạo embedding cho: b) >, <, =?...
Đã tạo embedding với shape: (768,)
Tạo embedding cho: a, Bó hoa của bạn nào có nhiều bông hoa nhất?
b, B...
Đã tạo embedding với shape: (768,)
Tạo embedding cho: >, <, = ?...
Đã tạo embedding với shape: (768,)
Tạo embedding cho: Cho các số:
a) Tìm số bé nhất.
b) Tìm số lớn nhất....
Đã tạo embedding với shape: (768,)
Tạo embedding cho: a) Đọc số điểm của mỗi bạn trong trò chơi thi tâng...
Đã tạo embedding với shape: (768,)
Tạo embedding cho: a) Hãy giúp nhà thám hiểm vượt qua cây cầu bằng cá...
Đã tạo embedding với shape: (768,)
Tạo embedding cho: a) Đồ vật nào dài hơn? Đồ vật nào ngắn hơn?
b) Chi...
Đã tạo embedding với shape: (768,)
Tạo embedding cho: Chiếc váy nào dài nhất? Chiếc váy nào ngắn nhất?...
Đã tạo embedding với shape: (768,)
Tạo embedding cho: Con vật nào cao hơn? Con vật nào thấp hơn?...
Đã tạo embedding với shape: (768,)
Tạo embedding cho: Ai cao nhất? Ai thấp nhất?...
Đã tạo embedding với shape: (768,)
Tạo embedding cho: a) Đo bằng gang tay
b) Đo bằng bước chân
c) Đo bằn...
Đã tạo embedding với shape: (768,)
Tạo embedding cho: Số?...
Đã tạo embedding với shape: (768,)
Tạo embedding cho: Xem tranh rồi trả lời câu hỏi
- Tòa nhà nào cao nh...
Đã tạo embedding với shape: (768,)
Tạo embedding cho: Hộp màu dài bao nhiêu xăng-ti-mét?...
Đã tạo embedding với shape: (768,)
Tạo embedding cho: a) Dùng thước có vạch chia xăng-ti-mét để đo, rồi ...
Đã tạo embedding với shape: (768,)
Tạo embedding cho: Xem hình rồi chọn câu đúng
a) Nhãn vở dài 9 cm.
b)...
Đã tạo embedding với shape: (768,)
Tạo embedding cho: Trò chơi 'Ước lượng độ dài'...
Đã tạo embedding với shape: (768,)
Tạo embedding cho: Đọc những số còn thiếu để có bảng các số từ 1 đến ...
Đã tạo embedding với shape: (768,)
Tạo embedding cho: a) Trò chơi “Số nào lớn hơn?”...
Đã tạo embedding với shape: (768,)
Tạo embedding cho: b) >, <, = ?...
Đã tạo embedding với shape: (768,)
Tạo embedding cho: a) Số 28 gồm mấy chục và mấy đơn vị?
b) Số 41 gồm ...
Đã tạo embedding với shape: (768,)
Tạo embedding cho: Cho các số:
a) Tìm số bé nhất.
b) Tìm số lớn nhất....
Đã tạo embedding với shape: (768,)
Tạo embedding cho: Số ?...
Đã tạo embedding với shape: (768,)
Tạo embedding cho: Số ?...
Đã tạo embedding với shape: (768,)
Tạo embedding cho: Tính:...
Đã tạo embedding với shape: (768,)
Tạo embedding cho: Tính:...
Đã tạo embedding với shape: (768,)
Tạo embedding cho: Chọn kết quả đúng với mỗi phép tính:...
Đã tạo embedding với shape: (768,)
Tạo embedding cho: Nêu phép tính thích hợp với mỗi tranh vẽ:...
Đã tạo embedding với shape: (768,)
Tạo embedding cho: Tính:...
Đã tạo embedding với shape: (768,)
Tạo embedding cho: Tính:...
Đã tạo embedding với shape: (768,)
Tạo embedding cho: Chọn kết quả đúng với mỗi phép tính:...
Đã tạo embedding với shape: (768,)
Tạo embedding cho: Nêu phép tính thích hợp với mỗi tranh vẽ:...
Đã tạo embedding với shape: (768,)
Tạo embedding cho: Nêu phép tính thích hợp với mỗi tranh vẽ:...
Đã tạo embedding với shape: (768,)
Tạo embedding cho: Trong bể có ….. con cá, thả thêm ….. con cá. Hỏi t...
Đã tạo embedding với shape: (768,)
Tạo embedding cho: a) Tổ em có 6 bạn, sau đó có thêm 3 bạn nữa. Hỏi t...
Đã tạo embedding với shape: (768,)
Tạo embedding cho: b) Lúc đầu trên sân có 5 bạn đang chơi, sau đó 1 b...
Đã tạo embedding với shape: (768,)
Tạo embedding cho: Một xe ô tô buýt có 18 người ngồi trên xe, khi đến...
Đã tạo embedding với shape: (768,)
Tạo embedding cho: Tính: ...
Đã tạo embedding với shape: (768,)
Tạo embedding cho: Tính: ...
Đã tạo embedding với shape: (768,)
Tạo embedding cho: Số?...
Đã tạo embedding với shape: (768,)
Tạo embedding cho: Lớp 1A ủng hộ học sinh có hoàn cảnh dễ khăn được 5...
Đã tạo embedding với shape: (768,)
Tạo embedding cho: Tính:...
Đã tạo embedding với shape: (768,)
Tạo embedding cho: Đặt tính rồi tính:...
Đã tạo embedding với shape: (768,)
Tạo embedding cho: Lớp 1A trông được 24 cây, lớp 1B trồng được 21 cây...
Đã tạo embedding với shape: (768,)
Tạo embedding cho: Tính:...
Đã tạo embedding với shape: (768,)
Tạo embedding cho: Đặt tính rồi tính:...
Đã tạo embedding với shape: (768,)
Tạo embedding cho: Tính (theo mẫu):...
Đã tạo embedding với shape: (768,)
Tạo embedding cho: Tính (theo mẫu):...
Đã tạo embedding với shape: (768,)
Tạo embedding cho: Mẹ làm được 25 chiếc bánh rán nhân ngọt và 20 chiế...
Đã tạo embedding với shape: (768,)
Tạo embedding cho: Tính:...
Đã tạo embedding với shape: (768,)
Tạo embedding cho: Chọn kết quả đúng với mỗi phép tính:...
Đã tạo embedding với shape: (768,)
Tạo embedding cho: a) Tính:...
Đã tạo embedding với shape: (768,)
Tạo embedding cho: b) Tính số điểm của mỗi bạn trong trò chơi sau:...
Đã tạo embedding với shape: (768,)
Tạo embedding cho: Tiết mục văn nghệ có 31 bạn hát và 8 bạn múa. Hỏi ...
Đã tạo embedding với shape: (768,)
Tạo embedding cho: Tính:...
Đã tạo embedding với shape: (768,)
Tạo embedding cho: Đặt tính rồi tính:...
Đã tạo embedding với shape: (768,)
Tạo embedding cho: Chọn kết quả đúng với phép tính...
Đã tạo embedding với shape: (768,)
Tạo embedding cho: Tủ sách lớp 1A có 68 quyển sách, cô giáo đã cho mư...
Đã tạo embedding với shape: (768,)
Tạo embedding cho: Tính:...
Đã tạo embedding với shape: (768,)
Tạo embedding cho: Đặt tính rồi tính:...
Đã tạo embedding với shape: (768,)
Tạo embedding cho: Tính (theo mẫu):...
Đã tạo embedding với shape: (768,)
Tạo embedding cho: Đặt tính rồi tính:...
Đã tạo embedding với shape: (768,)
Tạo embedding cho: Trang có 36 tờ giấy màu. Trang cắt hoa hết 6 tờ. H...
Đã tạo embedding với shape: (768,)
Tạo embedding cho: Tính:...
Đã tạo embedding với shape: (768,)
Tạo embedding cho: Chọn kết quả đúng với mỗi phép tính:...
Đã tạo embedding với shape: (768,)
Tạo embedding cho: Tính:...
Đã tạo embedding với shape: (768,)
Tạo embedding cho: Tính (theo mẫu):...
Đã tạo embedding với shape: (768,)
Tạo embedding cho: Vườn nhà chú Doanh có 38 buồng chuối, chú đã cắt 5...
Đã tạo embedding với shape: (768,)
Tạo embedding cho: Đặt tính rồi tính:...
Đã tạo embedding với shape: (768,)
Tạo embedding cho: Chọn kết quả đúng với mỗi phép tính:...
Đã tạo embedding với shape: (768,)
Tạo embedding cho:  >, <, = ?...
Đã tạo embedding với shape: (768,)
Tạo embedding cho: a) kể tên các ngày trong tuần lễ.
b) Hôm nay là th...
Đã tạo embedding với shape: (768,)
Tạo embedding cho: a) Em đi học những ngày thứ mấy?
b) Em được nghỉ h...
Đã tạo embedding với shape: (768,)
Tạo embedding cho: Đọc mỗi tờ lịch sau rồi viết tiếp vào chỗ chấm:
- ...
Đã tạo embedding với shape: (768,)
Tạo embedding cho: Xem tranh rồi cho biết:
a) Ngày mai mẹ sẽ cho Tân ...
Đã tạo embedding với shape: (768,)
Tạo embedding cho: Mỗi đồng hồ chỉ mấy giờ?...
Đã tạo embedding với shape: (768,)
Tạo embedding cho: Chọn đồng hồ chỉ giờ thích hợp với mỗi tranh vẽ....
Đã tạo embedding với shape: (768,)
Tạo embedding cho: a) Đặt kim ngắn vào mỗi đồng hồ cho thích hợp:
b) ...
Đã tạo embedding với shape: (768,)
Tạo embedding cho: Bạn Châu đi từ thành phố về quê. Vẽ thêm kim ngắn ...
Đã tạo embedding với shape: (768,)
Tạo embedding cho: Bạn Châu đi từ thành phố về quê. Vẽ thêm kim ngắn ...
Đã tạo embedding với shape: (768,)
Tạo embedding cho: Tính: ...
Đã tạo embedding với shape: (768,)
Tạo embedding cho: a) Đặt tính rồi tính:
b) Tính...
Đã tạo embedding với shape: (768,)
Tạo embedding cho: Hình sau có bao nhiêu hình vuông? Hình tròn? Hình ...
Đã tạo embedding với shape: (768,)
Tạo embedding cho: a) Đồng hồ nào chỉ 3 giờ.
Toán lớp 1 Em ôn lại nhữ...
Đã tạo embedding với shape: (768,)
Tạo embedding cho: Thanh gỗ dài 85 cm, bác An cắt bớt 35 cm. Hỏi than...
Đã tạo embedding với shape: (768,)
Tạo embedding cho: Con vật nào cao nhất?...
Đã tạo embedding với shape: (768,)
Tạo embedding cho: Nối (theo mẫu)...
Đã tạo embedding với shape: (768,)
Tạo embedding cho:  >, <, = ?...
Đã tạo embedding với shape: (768,)
Tạo embedding cho: Cho các số sau:
Toán lớp 1 Ôn tập các số trong phạ...
Đã tạo embedding với shape: (768,)
Tạo embedding cho: Điền số thích hợp vào chỗ chấm:...
Đã tạo embedding với shape: (768,)
Tạo embedding cho: Xem tranh rồi đếm số đồ vật mỗi loại:...
Đã tạo embedding với shape: (768,)
Tạo embedding cho: Tính nhẩm:...
Đã tạo embedding với shape: (768,)
Tạo embedding cho: Xem tranh rồi viết phép cộng thích hợp:...
Đã tạo embedding với shape: (768,)
Tạo embedding cho: Xem tranh rồi viết phép cộng thích hợp:...
Đã tạo embedding với shape: (768,)
Tạo embedding cho: a) Điền số thích hợp vào chỗ chấm...
Đã tạo embedding với shape: (768,)
Tạo embedding cho: b) Xem tranh rồi nêu phép tính thích hợp:...
Đã tạo embedding với shape: (768,)
Tạo embedding cho: Ổ trứng có 7 quả, trong đó 2 quả đã nở. Hỏi trong ...
Đã tạo embedding với shape: (768,)
Tạo embedding cho: Điền số thích hợp vào ô trống...
Đã tạo embedding với shape: (768,)
Tạo embedding cho: a) Đọc mỗi số sau:...
Đã tạo embedding với shape: (768,)
Tạo embedding cho: b) Điền số thích hợp vào ô trống...
Đã tạo embedding với shape: (768,)
Tạo embedding cho:  >, <, = ?...
Đã tạo embedding với shape: (768,)
Tạo embedding cho: Sắp xếp:
a) Theo thứ tự từ bé đến lớn....
Đã tạo embedding với shape: (768,)
Tạo embedding cho: Sắp xếp:
b) Theo thứ tự từ lớn đến bé....
Đã tạo embedding với shape: (768,)
Tạo embedding cho: a) Em hãy dự đoán trong hình sau có bao nhiêu chiế...
Đã tạo embedding với shape: (768,)
Tạo embedding cho: Tính:...
Đã tạo embedding với shape: (768,)
Tạo embedding cho: Đặt tính rồi tính:...
Đã tạo embedding với shape: (768,)
Tạo embedding cho: Tìm lỗi sai trong mỗi phép tính sau rồi sửa lại ch...
Đã tạo embedding với shape: (768,)
Tạo embedding cho: Điền số thích hợp vào chỗ chấm:...
Đã tạo embedding với shape: (768,)
Tạo embedding cho: Chị Mai bẻ được 32 bấp ngô, anh Tuấn bẻ được 47 bắ...
Đã tạo embedding với shape: (768,)
Tạo embedding cho: Mỗi đồng hồ sau chỉ mấy giờ?...
Đã tạo embedding với shape: (768,)
Tạo embedding cho: Nối đồng hồ thích hợp với mỗi tranh vẽ nói về ngày...
Đã tạo embedding với shape: (768,)
Tạo embedding cho: a) Quay kim đồng hồ chỉ giờ thích hợp
b) Buổi chiề...
Đã tạo embedding với shape: (768,)
Tạo embedding cho: a) Đọc mỗi tờ lịch sau rồi trả lời Bài hỏi:...
Đã tạo embedding với shape: (768,)
Tạo embedding cho: a) Tìm các số còn thiếu rồi đọc những số đó
b) Tro...
Đã tạo embedding với shape: (768,)
Tạo embedding cho: a) Tìm các số còn thiếu rồi đọc những số đó
b) Tro...
Đã tạo embedding với shape: (768,)
Tạo embedding cho: a) Mỗi hình sau có bao nhiêu hình tròn, hình vuông...
Đã tạo embedding với shape: (768,)
Tạo embedding cho: b) Hình sau có khối hộp chữ nhật, khối lập phương....
Đã tạo embedding với shape: (768,)
Tạo embedding cho: a) Khánh và Hồng cùng sưu tầm ảnh về các loài chim...
Đã tạo embedding với shape: (768,)
Tạo embedding cho: a) Nêu độ dài của mỗi vật.
b) Mỗi đồng hồ sau chỉ ...
Đã tạo embedding với shape: (768,)
Đang lưu dữ liệu vào Milvus...
Số lượng questions: 332
Số lượng answers: 332
Số lượng grades: 332
Số lượng chapters: 332
Số lượng titles: 332
Số lượng lessons: 332
Số lượng image_questions: 332
Số lượng image_answers: 332
Số lượng difficulties: 332
Số lượng pages: 332
Số lượng embeddings: 332
Kích thước embedding đầu tiên: 768
Đã insert 332 bản ghi vào Milvus
Đang xây dựng lại index...
Đã load collection math_qa_collection vào memory
Đã lưu thành công 332 bản ghi vào Milvus
Số lượng bản ghi trong collection: 332
Hoàn thành
